{
  "RSpec": {
    "coverage": {
      "/home/oracletone/Documents/week4/Codaisseurify/spec/models/artist_spec.rb": [
        1,
        1,
        null,
        1,
        null,
        null,
        null,
        1,
        1,
        1,
        null,
        null,
        1,
        null,
        null,
        1,
        null,
        null,
        null,
        null,
        1,
        3,
        null,
        3,
        3,
        null,
        1,
        1,
        1,
        null,
        null,
        1,
        2,
        null,
        null,
        null,
        null,
        null,
        null,
        null,
        null,
        1,
        null,
        null,
        null
      ],
      "/home/oracletone/Documents/week4/Codaisseurify/spec/rails_helper.rb": [
        null,
        1,
        1,
        1,
        null,
        1,
        1,
        null,
        null,
        null,
        null,
        null,
        null,
        null,
        null,
        null,
        null,
        null,
        null,
        null,
        null,
        null,
        2,
        null,
        null,
        null,
        1,
        null,
        1,
        null,
        1,
        null,
        null,
        null,
        null,
        1,
        null,
        null,
        null,
        null,
        null,
        null,
        null,
        null,
        null,
        null,
        null,
        null,
        null,
        null,
        1,
        null,
        null,
        1,
        null,
        null,
        null
      ],
      "/home/oracletone/Documents/week4/Codaisseurify/config/environment.rb": [
        null,
        1,
        null,
        null,
        1
      ],
      "/home/oracletone/Documents/week4/Codaisseurify/config/application.rb": [
        1,
        null,
        1,
        null,
        1,
        1,
        1,
        1,
        1,
        1,
        1,
        1,
        null,
        null,
        null,
        null,
        1,
        null,
        1,
        1,
        null,
        1,
        null,
        1,
        0,
        null,
        null,
        null,
        null,
        null,
        null,
        null,
        1,
        null,
        null
      ],
      "/home/oracletone/Documents/week4/Codaisseurify/config/boot.rb": [
        1,
        null,
        1
      ],
      "/home/oracletone/Documents/week4/Codaisseurify/config/environments/test.rb": [
        1,
        null,
        null,
        null,
        null,
        null,
        null,
        1,
        null,
        null,
        null,
        null,
        1,
        null,
        null,
        1,
        1,
        null,
        null,
        null,
        null,
        1,
        1,
        null,
        null,
        1,
        null,
        null,
        1,
        1,
        null,
        null,
        null,
        null,
        1,
        null,
        null,
        1,
        null,
        null,
        null,
        null
      ],
      "/home/oracletone/Documents/week4/Codaisseurify/config/initializers/application_controller_renderer.rb": [
        null,
        null,
        null,
        null,
        null,
        null,
        null,
        null
      ],
      "/home/oracletone/Documents/week4/Codaisseurify/config/initializers/assets.rb": [
        null,
        null,
        null,
        1,
        null,
        null,
        null,
        null,
        1,
        null,
        null,
        null,
        null,
        null
      ],
      "/home/oracletone/Documents/week4/Codaisseurify/config/initializers/backtrace_silencers.rb": [
        null,
        null,
        null,
        null,
        null,
        null,
        null
      ],
      "/home/oracletone/Documents/week4/Codaisseurify/config/initializers/cookies_serializer.rb": [
        null,
        null,
        null,
        null,
        1
      ],
      "/home/oracletone/Documents/week4/Codaisseurify/config/initializers/filter_parameter_logging.rb": [
        null,
        null,
        null,
        1
      ],
      "/home/oracletone/Documents/week4/Codaisseurify/config/initializers/inflections.rb": [
        null,
        null,
        null,
        null,
        null,
        null,
        null,
        null,
        null,
        null,
        null,
        null,
        null,
        null,
        null,
        null
      ],
      "/home/oracletone/Documents/week4/Codaisseurify/config/initializers/mime_types.rb": [
        null,
        null,
        null,
        null
      ],
      "/home/oracletone/Documents/week4/Codaisseurify/config/initializers/wrap_parameters.rb": [
        null,
        null,
        null,
        null,
        null,
        null,
        1,
        2,
        null,
        null,
        null,
        null,
        null,
        null
      ],
      "/home/oracletone/Documents/week4/Codaisseurify/spec/factories/artists.rb": [
        1,
        1,
        null,
        null,
        null
      ],
      "/home/oracletone/Documents/week4/Codaisseurify/spec/factories/photos.rb": [
        1,
        1,
        1,
        1,
        null,
        null
      ],
      "/home/oracletone/Documents/week4/Codaisseurify/spec/factories/songs.rb": [
        1,
        1,
        null,
        null,
        null
      ],
      "/home/oracletone/Documents/week4/Codaisseurify/config/routes.rb": [
        1,
        null,
        null,
        1,
        null,
        null,
        null,
        1,
        1,
        null,
        1,
        null,
        null
      ],
      "/home/oracletone/Documents/week4/Codaisseurify/app/helpers/application_helper.rb": [
        1,
        null
      ],
      "/home/oracletone/Documents/week4/Codaisseurify/app/helpers/artists_helper.rb": [
        1,
        null
      ],
      "/home/oracletone/Documents/week4/Codaisseurify/app/helpers/songs_helper.rb": [
        1,
        null
      ],
      "/home/oracletone/Documents/week4/Codaisseurify/spec/support/factory_bot.rb": [
        null,
        null,
        1,
        1,
        null
      ],
      "/home/oracletone/Documents/week4/Codaisseurify/app/models/artist.rb": [
        1,
        null,
        1,
        1,
        null,
        1,
        1,
        null,
        null,
        1,
        0,
        null,
        null,
        null
      ],
      "/home/oracletone/Documents/week4/Codaisseurify/app/models/application_record.rb": [
        1,
        1,
        null
      ],
      "/home/oracletone/Documents/week4/Codaisseurify/spec/models/photo_spec.rb": [
        1,
        1,
        null,
        1,
        1,
        2,
        null,
        1,
        1,
        null,
        1,
        null,
        null,
        null
      ],
      "/home/oracletone/Documents/week4/Codaisseurify/app/models/photo.rb": [
        1,
        1,
        null,
        1,
        null
      ],
      "/home/oracletone/Documents/week4/Codaisseurify/app/uploaders/image_uploader.rb": [
        1,
        1,
        null,
        1,
        1,
        1,
        1,
        null,
        null
      ],
      "/home/oracletone/Documents/week4/Codaisseurify/spec/models/song_spec.rb": [
        null,
        1,
        1,
        null,
        1,
        1,
        1,
        1,
        null,
        null,
        1,
        1,
        null,
        null,
        1,
        1,
        1,
        null,
        null,
        null,
        null,
        1,
        2,
        null,
        1,
        1,
        null,
        1,
        null,
        null,
        null,
        null,
        null,
        1,
        null,
        null,
        null
      ],
      "/home/oracletone/Documents/week4/Codaisseurify/app/models/song.rb": [
        1,
        null,
        1,
        null,
        1,
        1,
        1,
        null,
        null,
        null,
        1,
        null,
        null,
        null,
        null
      ]
    },
    "timestamp": 1514640867
  }
}
